<?xml version="1.0" encoding="UTF-8"?>
<!-- Generated by org.testng.reporters.JUnitReportReporter -->
<testsuite hostname="DESKTOP-TKKRBGQ" failures="0" tests="1" name="testCases.TC_002_LoginTest" time="21.539" errors="0" timestamp="2024-04-25T17:57:05 IST" skipped="0">
  <testcase classname="testCases.TC_002_LoginTest" name="verify_login" time="21.539"/>
</testsuite> <!-- testCases.TC_002_LoginTest -->
